# JRE version: Java(TM) SE Runtime Environment (8.0_191-b12) (build 1.8.0_191-b12)
# Java VM: Java HotSpot(TM) Client VM (25.191-b12 mixed mode windows-x86 )
Heap:
 def new generation   total 157248K, used 157247K [0x24a00000, 0x2f4a0000, 0x2f4a0000)
  eden space 139776K, 100% used [0x24a00000, 0x2d280000, 0x2d280000)
  from space 17472K,  99% used [0x2e390000, 0x2f49ffe0, 0x2f4a0000)
  to   space 17472K,   0% used [0x2d280000, 0x2d280000, 0x2e390000)
 tenured generation   total 349568K, used 349568K [0x2f4a0000, 0x44a00000, 0x44a00000)
   the space 349568K, 100% used [0x2f4a0000, 0x44a00000, 0x44a00000, 0x44a00000)
 Metaspace       used 25579K, capacity 26287K, committed 26496K, reserved 27008K
GC Heap History (10 events):
Event: 17079.445 GC heap before
{Heap before GC invocations=171 (full 50):
 def new generation   total 157248K, used 157247K [0x24a00000, 0x2f4a0000, 0x2f4a0000)
  eden space 139776K, 100% used [0x24a00000, 0x2d280000, 0x2d280000)
  from space 17472K,  99% used [0x2e390000, 0x2f49ffd0, 0x2f4a0000)
  to   space 17472K,   0% used [0x2d280000, 0x2d280000, 0x2e390000)
 tenured generation   total 349568K, used 349568K [0x2f4a0000, 0x44a00000, 0x44a00000)
   the space 349568K, 100% used [0x2f4a0000, 0x44a00000, 0x44a00000, 0x44a00000)
 Metaspace       used 25579K, capacity 26287K, committed 26496K, reserved 27008K
Event: 17080.837 GC heap after
Heap after GC invocations=172 (full 51):
 def new generation   total 157248K, used 157208K [0x24a00000, 0x2f4a0000, 0x2f4a0000)
  eden space 139776K,  99% used [0x24a00000, 0x2d27ffc8, 0x2d280000)
  from space 17472K,  99% used [0x2e390000, 0x2f4963e0, 0x2f4a0000)
  to   space 17472K,   0% used [0x2d280000, 0x2d280000, 0x2e390000)
 tenured generation   total 349568K, used 349568K [0x2f4a0000, 0x44a00000, 0x44a00000)
   the space 349568K, 100% used [0x2f4a0000, 0x44a00000, 0x44a00000, 0x44a00000)
 Metaspace       used 25579K, capacity 26287K, committed 26496K, reserved 27008K
}
Event: 17080.838 GC heap before
{Heap before GC invocations=172 (full 51):
 def new generation   total 157248K, used 157248K [0x24a00000, 0x2f4a0000, 0x2f4a0000)
  eden space 139776K, 100% used [0x24a00000, 0x2d280000, 0x2d280000)
  from space 17472K, 100% used [0x2e390000, 0x2f4a0000, 0x2f4a0000)
  to   space 17472K,   0% used [0x2d280000, 0x2d280000, 0x2e390000)
 tenured generation   total 349568K, used 349568K [0x2f4a0000, 0x44a00000, 0x44a00000)
   the space 349568K, 100% used [0x2f4a0000, 0x44a00000, 0x44a00000, 0x44a00000)
 Metaspace       used 25579K, capacity 26287K, committed 26496K, reserved 27008K
Event: 17082.312 GC heap after
Heap after GC invocations=173 (full 52):
 def new generation   total 157248K, used 157223K [0x24a00000, 0x2f4a0000, 0x2f4a0000)
  eden space 139776K,  99% used [0x24a00000, 0x2d27ffc8, 0x2d280000)
  from space 17472K,  99% used [0x2e390000, 0x2f499ea0, 0x2f4a0000)
  to   space 17472K,   0% used [0x2d280000, 0x2d280000, 0x2e390000)
 tenured generation   total 349568K, used 349567K [0x2f4a0000, 0x44a00000, 0x44a00000)
   the space 349568K,  99% used [0x2f4a0000, 0x449ffff0, 0x44a00000, 0x44a00000)
 Metaspace       used 25579K, capacity 26287K, committed 26496K, reserved 27008K
}
Event: 17082.313 GC heap before
{Heap before GC invocations=173 (full 52):
 def new generation   total 157248K, used 157247K [0x24a00000, 0x2f4a0000, 0x2f4a0000)
  eden space 139776K, 100% used [0x24a00000, 0x2d280000, 0x2d280000)
  from space 17472K,  99% used [0x2e390000, 0x2f49fff8, 0x2f4a0000)
  to   space 17472K,   0% used [0x2d280000, 0x2d280000, 0x2e390000)
 tenured generation   total 349568K, used 349568K [0x2f4a0000, 0x44a00000, 0x44a00000)
   the space 349568K, 100% used [0x2f4a0000, 0x44a00000, 0x44a00000, 0x44a00000)
 Metaspace       used 25579K, capacity 26287K, committed 26496K, reserved 27008K
Event: 17083.700 GC heap after
Heap after GC invocations=174 (full 53):
 def new generation   total 157248K, used 157230K [0x24a00000, 0x2f4a0000, 0x2f4a0000)
  eden space 139776K,  99% used [0x24a00000, 0x2d27ffd8, 0x2d280000)
  from space 17472K,  99% used [0x2e390000, 0x2f49ba50, 0x2f4a0000)
  to   space 17472K,   0% used [0x2d280000, 0x2d280000, 0x2e390000)
 tenured generation   total 349568K, used 349568K [0x2f4a0000, 0x44a00000, 0x44a00000)
   the space 349568K, 100% used [0x2f4a0000, 0x44a00000, 0x44a00000, 0x44a00000)
 Metaspace       used 25579K, capacity 26287K, committed 26496K, reserved 27008K
}
Event: 17083.701 GC heap before
{Heap before GC invocations=174 (full 53):
 def new generation   total 157248K, used 157232K [0x24a00000, 0x2f4a0000, 0x2f4a0000)
  eden space 139776K,  99% used [0x24a00000, 0x2d27fff8, 0x2d280000)
  from space 17472K,  99% used [0x2e390000, 0x2f49c0a8, 0x2f4a0000)
  to   space 17472K,   0% used [0x2d280000, 0x2d280000, 0x2e390000)
 tenured generation   total 349568K, used 349568K [0x2f4a0000, 0x44a00000, 0x44a00000)
   the space 349568K, 100% used [0x2f4a0000, 0x44a00000, 0x44a00000, 0x44a00000)
 Metaspace       used 25579K, capacity 26287K, committed 26496K, reserved 27008K
Event: 17085.174 GC heap after
Heap after GC invocations=175 (full 54):
 def new generation   total 157248K, used 157223K [0x24a00000, 0x2f4a0000, 0x2f4a0000)
  eden space 139776K,  99% used [0x24a00000, 0x2d27fff8, 0x2d280000)
  from space 17472K,  99% used [0x2e390000, 0x2f499e08, 0x2f4a0000)
  to   space 17472K,   0% used [0x2d280000, 0x2d280000, 0x2e390000)
 tenured generation   total 349568K, used 349568K [0x2f4a0000, 0x44a00000, 0x44a00000)
   the space 349568K, 100% used [0x2f4a0000, 0x44a00000, 0x44a00000, 0x44a00000)
 Metaspace       used 25579K, capacity 26287K, committed 26496K, reserved 27008K
}
Event: 17085.174 GC heap before
{Heap before GC invocations=175 (full 54):
 def new generation   total 157248K, used 157223K [0x24a00000, 0x2f4a0000, 0x2f4a0000)
  eden space 139776K,  99% used [0x24a00000, 0x2d27fff8, 0x2d280000)
  from space 17472K,  99% used [0x2e390000, 0x2f499e08, 0x2f4a0000)
  to   space 17472K,   0% used [0x2d280000, 0x2d280000, 0x2e390000)
 tenured generation   total 349568K, used 349568K [0x2f4a0000, 0x44a00000, 0x44a00000)
   the space 349568K, 100% used [0x2f4a0000, 0x44a00000, 0x44a00000, 0x44a00000)
 Metaspace       used 25579K, capacity 26287K, committed 26496K, reserved 27008K
Event: 17086.591 GC heap after
Heap after GC invocations=176 (full 55):
 def new generation   total 157248K, used 157223K [0x24a00000, 0x2f4a0000, 0x2f4a0000)
  eden space 139776K,  99% used [0x24a00000, 0x2d27fff8, 0x2d280000)
  from space 17472K,  99% used [0x2e390000, 0x2f499e08, 0x2f4a0000)
  to   space 17472K,   0% used [0x2d280000, 0x2d280000, 0x2e390000)
 tenured generation   total 349568K, used 349568K [0x2f4a0000, 0x44a00000, 0x44a00000)
   the space 349568K, 100% used [0x2f4a0000, 0x44a00000, 0x44a00000, 0x44a00000)
 Metaspace       used 25579K, capacity 26287K, committed 26496K, reserved 27008K
}

